SF:lib/auth/application/auth_user_service.dart
DA:12,0
DA:16,0
DA:17,0
DA:19,0
DA:20,0
DA:22,0
DA:23,0
DA:24,0
DA:32,2
DA:37,0
DA:38,0
LF:11
LH:1
end_of_record
SF:lib/auth/presentation/auth_navigation_controller.dart
DA:14,1
DA:16,1
DA:17,1
DA:22,1
DA:23,4
DA:24,0
DA:26,0
DA:28,0
DA:34,1
DA:36,2
DA:37,1
LF:11
LH:8
end_of_record
SF:lib/auth/application/auth_service.dart
DA:14,2
DA:22,0
DA:24,0
DA:26,0
DA:29,0
DA:35,0
DA:40,0
DA:41,0
DA:45,0
DA:51,0
DA:57,0
DA:58,0
LF:12
LH:1
end_of_record
SF:lib/auth/application/register_usecase.dart
DA:14,1
DA:20,1
DA:26,2
DA:30,2
DA:32,1
DA:36,2
DA:37,1
DA:38,2
DA:45,1
DA:46,0
LF:10
LH:9
end_of_record
SF:lib/auth/presentation/register/register_controller.dart
DA:9,1
DA:10,1
DA:16,1
DA:19,1
DA:20,2
DA:24,1
DA:26,1
DA:30,1
DA:36,2
DA:43,1
DA:44,1
DA:48,1
DA:49,1
DA:50,1
DA:51,1
LF:15
LH:15
end_of_record
SF:lib/auth/domain/model/user_personnal_info.dart
DA:9,2
DA:15,1
DA:16,4
LF:3
LH:3
end_of_record
SF:lib/ddd/entity.dart
DA:4,4
DA:8,2
DA:9,4
LF:3
LH:3
end_of_record
SF:lib/receipe/presentation/receipe_details_controller.dart
DA:8,5
DA:12,3
DA:13,5
DA:15,1
DA:21,1
DA:22,2
DA:26,1
DA:29,1
DA:32,1
DA:35,1
DA:36,1
DA:37,1
DA:40,1
DA:41,1
DA:42,2
DA:44,1
LF:16
LH:16
end_of_record
SF:lib/utils/constant.dart
DA:58,0
DA:61,0
DA:65,0
DA:68,0
LF:4
LH:0
end_of_record
SF:lib/receipe/domain/model/ingredient.dart
DA:7,3
DA:12,1
DA:13,3
LF:3
LH:3
end_of_record
SF:lib/receipe/domain/model/receipe.dart
DA:13,5
DA:21,2
DA:22,8
LF:3
LH:3
end_of_record
SF:lib/receipe/domain/model/step.dart
DA:7,3
DA:12,1
DA:13,3
LF:3
LH:3
end_of_record
SF:lib/receipe/application/retrieve_receipe_from_api_one_time_per_day_usecase.dart
DA:11,3
DA:18,1
DA:23,1
DA:25,4
DA:26,1
DA:27,1
DA:30,1
DA:34,1
DA:36,3
DA:37,1
DA:40,1
DA:49,1
DA:50,1
DA:51,1
DA:53,2
DA:55,1
LF:16
LH:16
end_of_record
SF:lib/receipe/domain/model/user_receipe.dart
DA:5,1
DA:13,1
DA:14,3
LF:3
LH:3
end_of_record
SF:lib/home/presentation/home_screen_controller.dart
DA:9,3
DA:10,0
DA:11,0
DA:15,2
DA:19,2
DA:22,1
DA:23,2
DA:27,2
DA:30,1
DA:31,2
DA:36,1
DA:38,1
DA:39,1
DA:40,1
DA:46,1
DA:49,2
DA:50,1
DA:52,2
DA:53,1
DA:54,2
DA:55,3
LF:21
LH:19
end_of_record
