SF:lib/auth/application/auth_service.dart
DA:14,2
DA:22,0
DA:24,0
DA:26,0
DA:29,0
DA:35,0
DA:40,0
DA:41,0
DA:45,0
DA:51,0
DA:57,0
DA:58,0
LF:12
LH:1
end_of_record
SF:lib/auth/application/register_usecase.dart
DA:14,1
DA:20,1
DA:26,2
DA:30,2
DA:32,1
DA:36,2
DA:37,1
DA:38,2
DA:45,1
DA:46,0
LF:10
LH:9
end_of_record
SF:lib/auth/presentation/register/register_controller.dart
DA:9,1
DA:10,1
DA:16,1
DA:19,1
DA:20,2
DA:24,1
DA:26,1
DA:30,1
DA:36,2
DA:43,1
DA:44,1
DA:48,1
DA:49,1
DA:50,1
DA:51,1
LF:15
LH:15
end_of_record
SF:lib/auth/application/auth_user_service.dart
DA:12,0
DA:16,0
DA:17,0
DA:19,0
DA:20,0
DA:22,0
DA:23,0
DA:24,0
DA:32,1
DA:37,0
DA:38,0
LF:11
LH:1
end_of_record
SF:lib/auth/domain/model/user_personnal_info.dart
DA:9,2
DA:15,1
DA:16,4
LF:3
LH:3
end_of_record
SF:lib/ddd/entity.dart
DA:4,3
DA:8,1
DA:9,2
LF:3
LH:3
end_of_record
SF:lib/receipe/presentation/receipe_details_controller.dart
DA:7,2
DA:11,1
DA:12,2
DA:14,0
DA:22,1
DA:25,1
DA:28,1
DA:31,1
DA:32,1
DA:33,2
DA:35,1
LF:11
LH:10
end_of_record
SF:lib/utils/constant.dart
DA:53,0
DA:56,0
LF:2
LH:0
end_of_record
SF:lib/receipe/domain/model/ingredient.dart
DA:7,1
DA:12,0
DA:13,0
LF:3
LH:1
end_of_record
SF:lib/receipe/domain/model/receipe.dart
DA:10,1
DA:16,0
DA:17,0
LF:3
LH:1
end_of_record
SF:lib/receipe/domain/model/step.dart
DA:7,1
DA:12,0
DA:13,0
LF:3
LH:1
end_of_record
